/home/jimmywu/homework/AI_capstone/Final_project/.venv/lib/python3.9/site-packages/albumentations/__init__.py:28: UserWarning: A new version of Albumentations is available: '2.0.7' (you have '2.0.6'). Upgrade using: pip install -U albumentations. To disable automatic update checks, set the environment variable NO_ALBUMENTATIONS_UPDATE to 1.
  check_for_updates()
/home/jimmywu/homework/AI_capstone/Final_project/.venv/lib/python3.9/site-packages/torch/cuda/__init__.py:174: UserWarning: CUDA initialization: The NVIDIA driver on your system is too old (found version 11040). Please update your GPU driver by downloading and installing a new version from the URL: http://www.nvidia.com/Download/index.aspx Alternatively, go to: https://pytorch.org to install a PyTorch version that has been compiled with your version of the CUDA driver. (Triggered internally at /pytorch/c10/cuda/CUDAFunctions.cpp:109.)
  return torch._C._cuda_getDeviceCount() > 0
Epoch [1/100] | Train Loss: 0.6543 | Val Loss: 0.6330 | Val Dice: 0.7178
Best model updated and saved at info/models/PSPNet.pth
Epoch [2/100] | Train Loss: 0.5242 | Val Loss: 0.4958 | Val Dice: 0.8087
Best model updated and saved at info/models/PSPNet.pth
Epoch [3/100] | Train Loss: 0.4524 | Val Loss: 0.4246 | Val Dice: 0.8335
Best model updated and saved at info/models/PSPNet.pth
Epoch [4/100] | Train Loss: 0.4163 | Val Loss: 0.3584 | Val Dice: 0.8585
Best model updated and saved at info/models/PSPNet.pth
Epoch [5/100] | Train Loss: 0.3717 | Val Loss: 0.3446 | Val Dice: 0.8674
Best model updated and saved at info/models/PSPNet.pth
Epoch [6/100] | Train Loss: 0.3351 | Val Loss: 0.3170 | Val Dice: 0.8782
Best model updated and saved at info/models/PSPNet.pth
Epoch [7/100] | Train Loss: 0.3275 | Val Loss: 0.3014 | Val Dice: 0.8855
Best model updated and saved at info/models/PSPNet.pth
Epoch [8/100] | Train Loss: 0.3038 | Val Loss: 0.2757 | Val Dice: 0.8956
Best model updated and saved at info/models/PSPNet.pth
Epoch [9/100] | Train Loss: 0.2924 | Val Loss: 0.2691 | Val Dice: 0.8990
Best model updated and saved at info/models/PSPNet.pth
Epoch [10/100] | Train Loss: 0.2786 | Val Loss: 0.2630 | Val Dice: 0.9009
Best model updated and saved at info/models/PSPNet.pth
Epoch [11/100] | Train Loss: 0.2746 | Val Loss: 0.2468 | Val Dice: 0.9048
Best model updated and saved at info/models/PSPNet.pth
Epoch [12/100] | Train Loss: 0.2571 | Val Loss: 0.2486 | Val Dice: 0.9085
Best model updated and saved at info/models/PSPNet.pth
Epoch [13/100] | Train Loss: 0.2555 | Val Loss: 0.2374 | Val Dice: 0.9049
Early stop counter: 1/10
Epoch [14/100] | Train Loss: 0.2449 | Val Loss: 0.2198 | Val Dice: 0.9160
Best model updated and saved at info/models/PSPNet.pth
Epoch [15/100] | Train Loss: 0.2297 | Val Loss: 0.2105 | Val Dice: 0.9203
Best model updated and saved at info/models/PSPNet.pth
Epoch [16/100] | Train Loss: 0.2278 | Val Loss: 0.2268 | Val Dice: 0.9172
Early stop counter: 1/10
Epoch [17/100] | Train Loss: 0.2201 | Val Loss: 0.2034 | Val Dice: 0.9239
Best model updated and saved at info/models/PSPNet.pth
Epoch [18/100] | Train Loss: 0.2054 | Val Loss: 0.2104 | Val Dice: 0.9231
Early stop counter: 1/10
Epoch [19/100] | Train Loss: 0.2065 | Val Loss: 0.1915 | Val Dice: 0.9275
Best model updated and saved at info/models/PSPNet.pth
Epoch [20/100] | Train Loss: 0.1931 | Val Loss: 0.1873 | Val Dice: 0.9279
Best model updated and saved at info/models/PSPNet.pth
Epoch [21/100] | Train Loss: 0.1942 | Val Loss: 0.1892 | Val Dice: 0.9308
Best model updated and saved at info/models/PSPNet.pth
Epoch [22/100] | Train Loss: 0.1886 | Val Loss: 0.1757 | Val Dice: 0.9344
Best model updated and saved at info/models/PSPNet.pth
Epoch [23/100] | Train Loss: 0.1863 | Val Loss: 0.1770 | Val Dice: 0.9317
Early stop counter: 1/10
Epoch [24/100] | Train Loss: 0.1815 | Val Loss: 0.1670 | Val Dice: 0.9364
Best model updated and saved at info/models/PSPNet.pth
Epoch [25/100] | Train Loss: 0.1827 | Val Loss: 0.1687 | Val Dice: 0.9381
Best model updated and saved at info/models/PSPNet.pth
Epoch [26/100] | Train Loss: 0.1715 | Val Loss: 0.1659 | Val Dice: 0.9377
Early stop counter: 1/10
Epoch [27/100] | Train Loss: 0.1661 | Val Loss: 0.1607 | Val Dice: 0.9393
Best model updated and saved at info/models/PSPNet.pth
Epoch [28/100] | Train Loss: 0.1611 | Val Loss: 0.1623 | Val Dice: 0.9409
Best model updated and saved at info/models/PSPNet.pth
Epoch [29/100] | Train Loss: 0.1555 | Val Loss: 0.1585 | Val Dice: 0.9407
Early stop counter: 1/10
Epoch [30/100] | Train Loss: 0.1572 | Val Loss: 0.1630 | Val Dice: 0.9357
Early stop counter: 2/10
Epoch [31/100] | Train Loss: 0.1535 | Val Loss: 0.1514 | Val Dice: 0.9432
Best model updated and saved at info/models/PSPNet.pth
Epoch [32/100] | Train Loss: 0.1472 | Val Loss: 0.1508 | Val Dice: 0.9438
Best model updated and saved at info/models/PSPNet.pth
Epoch [33/100] | Train Loss: 0.1428 | Val Loss: 0.1536 | Val Dice: 0.9406
Early stop counter: 1/10
Epoch [34/100] | Train Loss: 0.1385 | Val Loss: 0.1427 | Val Dice: 0.9477
Best model updated and saved at info/models/PSPNet.pth
Epoch [35/100] | Train Loss: 0.1405 | Val Loss: 0.1781 | Val Dice: 0.9308
Early stop counter: 1/10
Epoch [36/100] | Train Loss: 0.1377 | Val Loss: 0.1457 | Val Dice: 0.9441
Early stop counter: 2/10
Epoch [37/100] | Train Loss: 0.1368 | Val Loss: 0.1330 | Val Dice: 0.9496
Best model updated and saved at info/models/PSPNet.pth
Epoch [38/100] | Train Loss: 0.1301 | Val Loss: 0.1385 | Val Dice: 0.9499
Best model updated and saved at info/models/PSPNet.pth
Epoch [39/100] | Train Loss: 0.1267 | Val Loss: 0.1347 | Val Dice: 0.9483
Early stop counter: 1/10
Epoch [40/100] | Train Loss: 0.1183 | Val Loss: 0.1313 | Val Dice: 0.9510
Best model updated and saved at info/models/PSPNet.pth
Epoch [41/100] | Train Loss: 0.1225 | Val Loss: 0.1275 | Val Dice: 0.9521
Best model updated and saved at info/models/PSPNet.pth
Epoch [42/100] | Train Loss: 0.1177 | Val Loss: 0.1257 | Val Dice: 0.9527
Best model updated and saved at info/models/PSPNet.pth
Epoch [43/100] | Train Loss: 0.1168 | Val Loss: 0.1278 | Val Dice: 0.9535
Best model updated and saved at info/models/PSPNet.pth
Epoch [44/100] | Train Loss: 0.1122 | Val Loss: 0.1219 | Val Dice: 0.9541
Best model updated and saved at info/models/PSPNet.pth
Epoch [45/100] | Train Loss: 0.1119 | Val Loss: 0.1236 | Val Dice: 0.9529
Early stop counter: 1/10
Epoch [46/100] | Train Loss: 0.1068 | Val Loss: 0.1194 | Val Dice: 0.9567
Best model updated and saved at info/models/PSPNet.pth
Epoch [47/100] | Train Loss: 0.1082 | Val Loss: 0.1195 | Val Dice: 0.9561
Early stop counter: 1/10
Epoch [48/100] | Train Loss: 0.1021 | Val Loss: 0.1148 | Val Dice: 0.9575
Best model updated and saved at info/models/PSPNet.pth
Epoch [49/100] | Train Loss: 0.1051 | Val Loss: 0.1144 | Val Dice: 0.9579
Best model updated and saved at info/models/PSPNet.pth
Epoch [50/100] | Train Loss: 0.1010 | Val Loss: 0.1143 | Val Dice: 0.9579
Best model updated and saved at info/models/PSPNet.pth
Epoch [51/100] | Train Loss: 0.1001 | Val Loss: 0.1128 | Val Dice: 0.9591
Best model updated and saved at info/models/PSPNet.pth
Epoch [52/100] | Train Loss: 0.0984 | Val Loss: 0.1174 | Val Dice: 0.9562
Early stop counter: 1/10
Epoch [53/100] | Train Loss: 0.0964 | Val Loss: 0.1114 | Val Dice: 0.9596
Best model updated and saved at info/models/PSPNet.pth
Epoch [54/100] | Train Loss: 0.0963 | Val Loss: 0.1100 | Val Dice: 0.9600
Best model updated and saved at info/models/PSPNet.pth
Epoch [55/100] | Train Loss: 0.0933 | Val Loss: 0.1101 | Val Dice: 0.9604
Best model updated and saved at info/models/PSPNet.pth
Epoch [56/100] | Train Loss: 0.0938 | Val Loss: 0.1098 | Val Dice: 0.9589
Early stop counter: 1/10
Epoch [57/100] | Train Loss: 0.0914 | Val Loss: 0.1076 | Val Dice: 0.9613
Best model updated and saved at info/models/PSPNet.pth
Epoch [58/100] | Train Loss: 0.0878 | Val Loss: 0.1064 | Val Dice: 0.9617
Best model updated and saved at info/models/PSPNet.pth
Epoch [59/100] | Train Loss: 0.0860 | Val Loss: 0.1057 | Val Dice: 0.9615
Early stop counter: 1/10
Epoch [60/100] | Train Loss: 0.0851 | Val Loss: 0.1085 | Val Dice: 0.9606
Early stop counter: 2/10
Epoch [61/100] | Train Loss: 0.0823 | Val Loss: 0.1037 | Val Dice: 0.9623
Best model updated and saved at info/models/PSPNet.pth
Epoch [62/100] | Train Loss: 0.0815 | Val Loss: 0.1050 | Val Dice: 0.9622
Early stop counter: 1/10
Epoch [63/100] | Train Loss: 0.0809 | Val Loss: 0.1037 | Val Dice: 0.9638
Best model updated and saved at info/models/PSPNet.pth
Epoch [64/100] | Train Loss: 0.0805 | Val Loss: 0.1029 | Val Dice: 0.9638
Early stop counter: 1/10
Epoch [65/100] | Train Loss: 0.0799 | Val Loss: 0.1062 | Val Dice: 0.9625
Early stop counter: 2/10
Epoch [66/100] | Train Loss: 0.0793 | Val Loss: 0.1016 | Val Dice: 0.9648
Best model updated and saved at info/models/PSPNet.pth
Epoch [67/100] | Train Loss: 0.0841 | Val Loss: 0.1068 | Val Dice: 0.9628
Early stop counter: 1/10
Epoch [68/100] | Train Loss: 0.0882 | Val Loss: 0.1176 | Val Dice: 0.9571
Early stop counter: 2/10
Epoch [69/100] | Train Loss: 0.0828 | Val Loss: 0.1034 | Val Dice: 0.9641
Early stop counter: 3/10
Epoch [70/100] | Train Loss: 0.0782 | Val Loss: 0.1026 | Val Dice: 0.9639
Early stop counter: 4/10
Epoch [71/100] | Train Loss: 0.0757 | Val Loss: 0.0982 | Val Dice: 0.9653
Best model updated and saved at info/models/PSPNet.pth
Epoch [72/100] | Train Loss: 0.0691 | Val Loss: 0.0985 | Val Dice: 0.9661
Best model updated and saved at info/models/PSPNet.pth
Epoch [73/100] | Train Loss: 0.0701 | Val Loss: 0.0975 | Val Dice: 0.9663
Best model updated and saved at info/models/PSPNet.pth
Epoch [74/100] | Train Loss: 0.0733 | Val Loss: 0.0972 | Val Dice: 0.9666
Best model updated and saved at info/models/PSPNet.pth
Epoch [75/100] | Train Loss: 0.0711 | Val Loss: 0.0980 | Val Dice: 0.9661
Early stop counter: 1/10
Epoch [76/100] | Train Loss: 0.0733 | Val Loss: 0.0968 | Val Dice: 0.9669
Best model updated and saved at info/models/PSPNet.pth
Epoch [77/100] | Train Loss: 0.0698 | Val Loss: 0.0988 | Val Dice: 0.9667
Early stop counter: 1/10
Epoch [78/100] | Train Loss: 0.0692 | Val Loss: 0.0963 | Val Dice: 0.9669
Early stop counter: 2/10
Epoch [79/100] | Train Loss: 0.0672 | Val Loss: 0.0979 | Val Dice: 0.9672
Best model updated and saved at info/models/PSPNet.pth
Epoch [80/100] | Train Loss: 0.0675 | Val Loss: 0.0994 | Val Dice: 0.9665
Early stop counter: 1/10
Epoch [81/100] | Train Loss: 0.0642 | Val Loss: 0.0976 | Val Dice: 0.9671
Early stop counter: 2/10
Epoch [82/100] | Train Loss: 0.0652 | Val Loss: 0.0958 | Val Dice: 0.9672
Best model updated and saved at info/models/PSPNet.pth
Epoch [83/100] | Train Loss: 0.0677 | Val Loss: 0.0954 | Val Dice: 0.9678
Best model updated and saved at info/models/PSPNet.pth
Epoch [84/100] | Train Loss: 0.0656 | Val Loss: 0.0996 | Val Dice: 0.9672
Early stop counter: 1/10
Epoch [85/100] | Train Loss: 0.0640 | Val Loss: 0.0958 | Val Dice: 0.9675
Early stop counter: 2/10
Epoch [86/100] | Train Loss: 0.0651 | Val Loss: 0.0962 | Val Dice: 0.9675
Early stop counter: 3/10
Epoch [87/100] | Train Loss: 0.0629 | Val Loss: 0.0951 | Val Dice: 0.9683
Best model updated and saved at info/models/PSPNet.pth
Epoch [88/100] | Train Loss: 0.0625 | Val Loss: 0.0980 | Val Dice: 0.9677
Early stop counter: 1/10
Epoch [89/100] | Train Loss: 0.0643 | Val Loss: 0.0981 | Val Dice: 0.9677
Early stop counter: 2/10
Epoch [90/100] | Train Loss: 0.0646 | Val Loss: 0.0973 | Val Dice: 0.9675
Early stop counter: 3/10
Epoch [91/100] | Train Loss: 0.0600 | Val Loss: 0.0979 | Val Dice: 0.9681
Early stop counter: 4/10
Epoch [92/100] | Train Loss: 0.0607 | Val Loss: 0.0967 | Val Dice: 0.9683
Best model updated and saved at info/models/PSPNet.pth
Epoch [93/100] | Train Loss: 0.0609 | Val Loss: 0.0958 | Val Dice: 0.9685
Best model updated and saved at info/models/PSPNet.pth
Epoch [94/100] | Train Loss: 0.0618 | Val Loss: 0.0964 | Val Dice: 0.9687
Best model updated and saved at info/models/PSPNet.pth
Epoch [95/100] | Train Loss: 0.0627 | Val Loss: 0.0965 | Val Dice: 0.9686
Early stop counter: 1/10
Epoch [96/100] | Train Loss: 0.0617 | Val Loss: 0.0968 | Val Dice: 0.9686
Early stop counter: 2/10
Epoch [97/100] | Train Loss: 0.0607 | Val Loss: 0.0961 | Val Dice: 0.9689
Best model updated and saved at info/models/PSPNet.pth
Epoch [98/100] | Train Loss: 0.0608 | Val Loss: 0.0955 | Val Dice: 0.9689
Best model updated and saved at info/models/PSPNet.pth
Epoch [99/100] | Train Loss: 0.0589 | Val Loss: 0.0964 | Val Dice: 0.9690
Best model updated and saved at info/models/PSPNet.pth
Epoch [100/100] | Train Loss: 0.0596 | Val Loss: 0.0966 | Val Dice: 0.9689
Early stop counter: 1/10
